0 info it worked if it ends with ok
1 verbose cli [ '/usr/local/bin/node',
1 verbose cli   '/usr/local/bin/npm',
1 verbose cli   'install',
1 verbose cli   'sleep' ]
2 info using npm@3.10.10
3 info using node@v6.10.0
4 verbose config Skipping project config: /Users/rthaku/.npmrc. (matches userconfig)
5 silly loadCurrentTree Starting
6 silly install loadCurrentTree
7 silly install readLocalPackageData
8 silly fetchPackageMetaData sleep
9 silly fetchNamedPackageData sleep
10 silly mapToRegistry name sleep
11 silly mapToRegistry using default registry
12 silly mapToRegistry registry https://registry.npmjs.org/
13 silly mapToRegistry data Result {
13 silly mapToRegistry   raw: 'sleep',
13 silly mapToRegistry   scope: null,
13 silly mapToRegistry   escapedName: 'sleep',
13 silly mapToRegistry   name: 'sleep',
13 silly mapToRegistry   rawSpec: '',
13 silly mapToRegistry   spec: 'latest',
13 silly mapToRegistry   type: 'tag' }
14 silly mapToRegistry uri https://registry.npmjs.org/sleep
15 verbose request uri https://registry.npmjs.org/sleep
16 verbose request no auth needed
17 info attempt registry request try #1 at 11:34:48 PM
18 verbose request id ae0d93059bcb0763
19 verbose etag W/"596f31af-56f7"
20 verbose lastModified Wed, 19 Jul 2017 10:17:19 GMT
21 http request GET https://registry.npmjs.org/sleep
22 http 304 https://registry.npmjs.org/sleep
23 verbose headers { date: 'Mon, 31 Jul 2017 18:04:48 GMT',
23 verbose headers   via: '1.1 varnish',
23 verbose headers   'cache-control': 'max-age=300',
23 verbose headers   etag: 'W/"596f31af-56f7"',
23 verbose headers   age: '164',
23 verbose headers   connection: 'keep-alive',
23 verbose headers   'x-served-by': 'cache-ams4148-AMS',
23 verbose headers   'x-cache': 'HIT',
23 verbose headers   'x-cache-hits': '2',
23 verbose headers   'x-timer': 'S1501524288.379190,VS0,VE0',
23 verbose headers   vary: 'Accept-Encoding, Accept' }
24 silly get cb [ 304,
24 silly get   { date: 'Mon, 31 Jul 2017 18:04:48 GMT',
24 silly get     via: '1.1 varnish',
24 silly get     'cache-control': 'max-age=300',
24 silly get     etag: 'W/"596f31af-56f7"',
24 silly get     age: '164',
24 silly get     connection: 'keep-alive',
24 silly get     'x-served-by': 'cache-ams4148-AMS',
24 silly get     'x-cache': 'HIT',
24 silly get     'x-cache-hits': '2',
24 silly get     'x-timer': 'S1501524288.379190,VS0,VE0',
24 silly get     vary: 'Accept-Encoding, Accept' } ]
25 verbose etag https://registry.npmjs.org/sleep from cache
26 verbose get saving sleep to /Users/rthaku/.npm/registry.npmjs.org/sleep/.cache.json
27 verbose correctMkdir /Users/rthaku/.npm correctMkdir not in flight; initializing
28 silly install normalizeTree
29 silly loadCurrentTree Finishing
30 silly loadIdealTree Starting
31 silly install loadIdealTree
32 silly cloneCurrentTree Starting
33 silly install cloneCurrentTreeToIdealTree
34 silly cloneCurrentTree Finishing
35 silly loadShrinkwrap Starting
36 silly install loadShrinkwrap
37 silly loadShrinkwrap Finishing
38 silly loadAllDepsIntoIdealTree Starting
39 silly install loadAllDepsIntoIdealTree
40 silly resolveWithNewModule sleep@5.1.1 checking installable status
41 silly cache add args [ 'sleep', null ]
42 verbose cache add spec sleep
43 silly cache add parsed spec Result {
43 silly cache add   raw: 'sleep',
43 silly cache add   scope: null,
43 silly cache add   escapedName: 'sleep',
43 silly cache add   name: 'sleep',
43 silly cache add   rawSpec: '',
43 silly cache add   spec: 'latest',
43 silly cache add   type: 'tag' }
44 silly addNamed sleep@latest
45 verbose addNamed "latest" is being treated as a dist-tag for sleep
46 info addNameTag [ 'sleep', 'latest' ]
47 silly mapToRegistry name sleep
48 silly mapToRegistry using default registry
49 silly mapToRegistry registry https://registry.npmjs.org/
50 silly mapToRegistry data Result {
50 silly mapToRegistry   raw: 'sleep',
50 silly mapToRegistry   scope: null,
50 silly mapToRegistry   escapedName: 'sleep',
50 silly mapToRegistry   name: 'sleep',
50 silly mapToRegistry   rawSpec: '',
50 silly mapToRegistry   spec: 'latest',
50 silly mapToRegistry   type: 'tag' }
51 silly mapToRegistry uri https://registry.npmjs.org/sleep
52 verbose addNameTag registry:https://registry.npmjs.org/sleep not in flight; fetching
53 verbose get https://registry.npmjs.org/sleep not expired, no request
54 silly addNameTag next cb for sleep with tag latest
55 silly addNamed sleep@5.1.1
56 verbose addNamed "5.1.1" is a plain semver version for sleep
57 silly cache afterAdd sleep@5.1.1
58 verbose afterAdd /Users/rthaku/.npm/sleep/5.1.1/package/package.json not in flight; writing
59 verbose correctMkdir /Users/rthaku/.npm correctMkdir not in flight; initializing
60 verbose afterAdd /Users/rthaku/.npm/sleep/5.1.1/package/package.json written
61 silly fetchNamedPackageData nan
62 silly mapToRegistry name nan
63 silly mapToRegistry using default registry
64 silly mapToRegistry registry https://registry.npmjs.org/
65 silly mapToRegistry data Result {
65 silly mapToRegistry   raw: 'nan',
65 silly mapToRegistry   scope: null,
65 silly mapToRegistry   escapedName: 'nan',
65 silly mapToRegistry   name: 'nan',
65 silly mapToRegistry   rawSpec: '',
65 silly mapToRegistry   spec: 'latest',
65 silly mapToRegistry   type: 'tag' }
66 silly mapToRegistry uri https://registry.npmjs.org/nan
67 verbose request uri https://registry.npmjs.org/nan
68 verbose request no auth needed
69 info attempt registry request try #1 at 11:34:49 PM
70 verbose etag W/"597a1ce5-1fa1a"
71 verbose lastModified Thu, 27 Jul 2017 17:03:33 GMT
72 http request GET https://registry.npmjs.org/nan
73 http 304 https://registry.npmjs.org/nan
74 verbose headers { date: 'Mon, 31 Jul 2017 18:04:48 GMT',
74 verbose headers   via: '1.1 varnish',
74 verbose headers   'cache-control': 'max-age=300',
74 verbose headers   etag: 'W/"597a1ce5-1fa1a"',
74 verbose headers   age: '99',
74 verbose headers   connection: 'keep-alive',
74 verbose headers   'x-served-by': 'cache-ams4148-AMS',
74 verbose headers   'x-cache': 'HIT',
74 verbose headers   'x-cache-hits': '2',
74 verbose headers   'x-timer': 'S1501524289.643453,VS0,VE0',
74 verbose headers   vary: 'Accept-Encoding, Accept' }
75 silly get cb [ 304,
75 silly get   { date: 'Mon, 31 Jul 2017 18:04:48 GMT',
75 silly get     via: '1.1 varnish',
75 silly get     'cache-control': 'max-age=300',
75 silly get     etag: 'W/"597a1ce5-1fa1a"',
75 silly get     age: '99',
75 silly get     connection: 'keep-alive',
75 silly get     'x-served-by': 'cache-ams4148-AMS',
75 silly get     'x-cache': 'HIT',
75 silly get     'x-cache-hits': '2',
75 silly get     'x-timer': 'S1501524289.643453,VS0,VE0',
75 silly get     vary: 'Accept-Encoding, Accept' } ]
76 verbose etag https://registry.npmjs.org/nan from cache
77 verbose get saving nan to /Users/rthaku/.npm/registry.npmjs.org/nan/.cache.json
78 verbose correctMkdir /Users/rthaku/.npm correctMkdir not in flight; initializing
79 silly resolveWithNewModule nan@2.6.2 checking installable status
80 silly cache add args [ 'nan@>=2.5.1', null ]
81 verbose cache add spec nan@>=2.5.1
82 silly cache add parsed spec Result {
82 silly cache add   raw: 'nan@>=2.5.1',
82 silly cache add   scope: null,
82 silly cache add   escapedName: 'nan',
82 silly cache add   name: 'nan',
82 silly cache add   rawSpec: '>=2.5.1',
82 silly cache add   spec: '>=2.5.1',
82 silly cache add   type: 'range' }
83 silly addNamed nan@>=2.5.1
84 verbose addNamed ">=2.5.1" is a valid semver range for nan
85 silly addNameRange { name: 'nan', range: '>=2.5.1', hasData: false }
86 silly mapToRegistry name nan
87 silly mapToRegistry using default registry
88 silly mapToRegistry registry https://registry.npmjs.org/
89 silly mapToRegistry data Result {
89 silly mapToRegistry   raw: 'nan',
89 silly mapToRegistry   scope: null,
89 silly mapToRegistry   escapedName: 'nan',
89 silly mapToRegistry   name: 'nan',
89 silly mapToRegistry   rawSpec: '',
89 silly mapToRegistry   spec: 'latest',
89 silly mapToRegistry   type: 'tag' }
90 silly mapToRegistry uri https://registry.npmjs.org/nan
91 verbose addNameRange registry:https://registry.npmjs.org/nan not in flight; fetching
92 verbose get https://registry.npmjs.org/nan not expired, no request
93 silly addNameRange number 2 { name: 'nan', range: '>=2.5.1', hasData: true }
94 silly addNameRange versions [ 'nan',
94 silly addNameRange   [ '0.3.0-wip',
94 silly addNameRange     '0.3.0-wip2',
94 silly addNameRange     '0.3.0',
94 silly addNameRange     '0.3.1',
94 silly addNameRange     '0.3.2',
94 silly addNameRange     '0.4.0',
94 silly addNameRange     '0.4.1',
94 silly addNameRange     '0.4.2',
94 silly addNameRange     '0.4.3',
94 silly addNameRange     '0.4.4',
94 silly addNameRange     '0.5.0',
94 silly addNameRange     '0.5.1',
94 silly addNameRange     '0.5.2',
94 silly addNameRange     '0.6.0',
94 silly addNameRange     '0.7.0',
94 silly addNameRange     '0.7.1',
94 silly addNameRange     '0.8.0',
94 silly addNameRange     '1.0.0',
94 silly addNameRange     '1.1.0',
94 silly addNameRange     '1.1.1',
94 silly addNameRange     '1.1.2',
94 silly addNameRange     '1.2.0',
94 silly addNameRange     '1.3.0',
94 silly addNameRange     '1.4.0',
94 silly addNameRange     '1.4.1',
94 silly addNameRange     '1.5.0',
94 silly addNameRange     '1.4.2',
94 silly addNameRange     '1.4.3',
94 silly addNameRange     '1.5.1',
94 silly addNameRange     '1.5.2',
94 silly addNameRange     '1.6.0',
94 silly addNameRange     '1.5.3',
94 silly addNameRange     '1.6.1',
94 silly addNameRange     '1.6.2',
94 silly addNameRange     '1.7.0',
94 silly addNameRange     '1.8.0',
94 silly addNameRange     '1.8.1',
94 silly addNameRange     '1.8.2',
94 silly addNameRange     '1.8.3',
94 silly addNameRange     '1.8.4',
94 silly addNameRange     '1.9.0',
94 silly addNameRange     '2.0.0',
94 silly addNameRange     '2.0.1',
94 silly addNameRange     '2.0.2',
94 silly addNameRange     '2.0.3',
94 silly addNameRange     '2.0.4',
94 silly addNameRange     '2.0.5',
94 silly addNameRange     '2.0.6',
94 silly addNameRange     '2.0.7',
94 silly addNameRange     '2.0.8',
94 silly addNameRange     '2.0.9',
94 silly addNameRange     '2.1.0',
94 silly addNameRange     '2.2.0',
94 silly addNameRange     '2.2.1',
94 silly addNameRange     '2.3.0',
94 silly addNameRange     '2.3.1',
94 silly addNameRange     '2.3.2',
94 silly addNameRange     '2.3.3',
94 silly addNameRange     '2.3.4',
94 silly addNameRange     '2.3.5',
94 silly addNameRange     '2.4.0',
94 silly addNameRange     '2.5.0',
94 silly addNameRange     '2.5.1',
94 silly addNameRange     '2.6.0',
94 silly addNameRange     '2.6.1',
94 silly addNameRange     '2.6.2' ] ]
95 silly addNamed nan@2.6.2
96 verbose addNamed "2.6.2" is a plain semver version for nan
97 silly cache afterAdd nan@2.6.2
98 verbose afterAdd /Users/rthaku/.npm/nan/2.6.2/package/package.json not in flight; writing
99 verbose correctMkdir /Users/rthaku/.npm correctMkdir not in flight; initializing
100 verbose afterAdd /Users/rthaku/.npm/nan/2.6.2/package/package.json written
101 silly loadAllDepsIntoIdealTree Finishing
102 silly loadIdealTree Finishing
103 silly currentTree rthaku
103 silly currentTree ├── @types/node@6.0.85
103 silly currentTree ├── ajv@4.11.8
103 silly currentTree ├── align-text@0.1.4
103 silly currentTree ├── amdefine@1.0.1
103 silly currentTree ├── asn1@0.2.3
103 silly currentTree ├── assert-plus@0.2.0
103 silly currentTree ├── async@1.5.2
103 silly currentTree ├── asynckit@0.4.0
103 silly currentTree ├── aws-sign2@0.6.0
103 silly currentTree ├── aws4@1.6.0
103 silly currentTree ├── balanced-match@0.4.2
103 silly currentTree ├── bcrypt-pbkdf@1.0.1
103 silly currentTree ├── bluebird@3.5.0
103 silly currentTree ├── boolbase@1.0.0
103 silly currentTree ├── boom@2.10.1
103 silly currentTree ├── brace-expansion@1.1.7
103 silly currentTree ├── broccoli-cli@1.0.0
103 silly currentTree ├── broccoli-kitchen-sink-helpers@0.2.9
103 silly currentTree ├── broccoli-slow-trees@1.1.0
103 silly currentTree ├── broccoli@0.16.9
103 silly currentTree ├── camelcase@1.2.1
103 silly currentTree ├── caseless@0.12.0
103 silly currentTree ├── center-align@0.1.3
103 silly currentTree ├── cheerio@1.0.0-rc.2
103 silly currentTree ├─┬ cliui@2.1.0
103 silly currentTree │ └── wordwrap@0.0.2
103 silly currentTree ├── co@4.6.0
103 silly currentTree ├── combined-stream@1.0.5
103 silly currentTree ├── commander@2.9.0
103 silly currentTree ├── concat-map@0.0.1
103 silly currentTree ├── connect@3.6.1
103 silly currentTree ├── copy-dereference@1.0.0
103 silly currentTree ├── core-util-is@1.0.2
103 silly currentTree ├── cryptiles@2.0.5
103 silly currentTree ├── css-select@1.2.0
103 silly currentTree ├── css-what@2.1.0
103 silly currentTree ├─┬ dashdash@1.14.1
103 silly currentTree │ └── assert-plus@1.0.0
103 silly currentTree ├── debug@2.6.3
103 silly currentTree ├── decamelize@1.2.0
103 silly currentTree ├── delayed-stream@1.0.0
103 silly currentTree ├─┬ dom-serializer@0.1.0
103 silly currentTree │ └── domelementtype@1.1.3
103 silly currentTree ├── domelementtype@1.3.0
103 silly currentTree ├── domhandler@2.4.1
103 silly currentTree ├── domutils@1.5.1
103 silly currentTree ├── ecc-jsbn@0.1.1
103 silly currentTree ├── ee-first@1.1.1
103 silly currentTree ├── encodeurl@1.0.1
103 silly currentTree ├── entities@1.1.1
103 silly currentTree ├── es6-promise@3.3.1
103 silly currentTree ├── escape-html@1.0.3
103 silly currentTree ├── extend@3.0.1
103 silly currentTree ├── extsprintf@1.0.2
103 silly currentTree ├── finalhandler@1.0.1
103 silly currentTree ├─┬ findup-sync@0.2.1
103 silly currentTree │ ├── glob@4.3.5
103 silly currentTree │ └── minimatch@2.0.10
103 silly currentTree ├── forever-agent@0.6.1
103 silly currentTree ├── form-data@2.1.4
103 silly currentTree ├── fs.realpath@1.0.0
103 silly currentTree ├── fs@0.0.1-security
103 silly currentTree ├─┬ getpass@0.1.7
103 silly currentTree │ └── assert-plus@1.0.0
103 silly currentTree ├── glob@5.0.15
103 silly currentTree ├── graceful-readlink@1.0.1
103 silly currentTree ├── handlebars@4.0.7
103 silly currentTree ├── har-schema@1.0.5
103 silly currentTree ├── har-validator@4.2.1
103 silly currentTree ├── hawk@3.1.3
103 silly currentTree ├── hoek@2.16.3
103 silly currentTree ├── htmlparser2@3.9.2
103 silly currentTree ├── http-signature@1.1.1
103 silly currentTree ├── inflight@1.0.6
103 silly currentTree ├── inherits@2.0.3
103 silly currentTree ├── is-buffer@1.1.5
103 silly currentTree ├── is-typedarray@1.0.0
103 silly currentTree ├── isarray@1.0.0
103 silly currentTree ├── isstream@0.1.2
103 silly currentTree ├── jodid25519@1.0.2
103 silly currentTree ├── jsbn@0.1.1
103 silly currentTree ├── json-schema@0.2.3
103 silly currentTree ├── json-stable-stringify@1.0.1
103 silly currentTree ├── json-stringify-safe@5.0.1
103 silly currentTree ├── jsonify@0.0.0
103 silly currentTree ├─┬ jsprim@1.4.0
103 silly currentTree │ └── assert-plus@1.0.0
103 silly currentTree ├── kind-of@3.2.0
103 silly currentTree ├── lazy-cache@1.0.4
103 silly currentTree ├── lodash@4.17.4
103 silly currentTree ├── longest@1.0.1
103 silly currentTree ├── mime-db@1.27.0
103 silly currentTree ├── mime-types@2.1.15
103 silly currentTree ├── mime@1.3.4
103 silly currentTree ├── minimatch@3.0.3
103 silly currentTree ├── minimist@0.0.8
103 silly currentTree ├── mkdirp@0.5.1
103 silly currentTree ├── mktemp@0.4.0
103 silly currentTree ├── ms@0.7.2
103 silly currentTree ├── nth-check@1.0.1
103 silly currentTree ├── oauth-sign@0.8.2
103 silly currentTree ├── on-finished@2.3.0
103 silly currentTree ├── once@1.4.0
103 silly currentTree ├── optimist@0.6.1
103 silly currentTree ├── parse5@3.0.2
103 silly currentTree ├── parseurl@1.3.1
103 silly currentTree ├── path-is-absolute@1.0.1
103 silly currentTree ├── performance-now@0.2.0
103 silly currentTree ├── process-nextick-args@1.0.7
103 silly currentTree ├── promise-map-series@0.2.3
103 silly currentTree ├── punycode@1.4.1
103 silly currentTree ├── qs@6.4.0
103 silly currentTree ├── quick-temp@0.1.8
103 silly currentTree ├─┬ readable-stream@2.3.3
103 silly currentTree │ └── safe-buffer@5.1.1
103 silly currentTree ├── repeat-string@1.6.1
103 silly currentTree ├── request-promise-core@1.1.1
103 silly currentTree ├── request-promise@4.2.0
103 silly currentTree ├── request@2.81.0
103 silly currentTree ├── resolve@0.6.3
103 silly currentTree ├── right-align@0.1.3
103 silly currentTree ├─┬ rimraf@2.6.1
103 silly currentTree │ └── glob@7.1.1
103 silly currentTree ├── rsvp@3.5.0
103 silly currentTree ├── safe-buffer@5.0.1
103 silly currentTree ├── sax@1.2.2
103 silly currentTree ├── sitemapper@2.1.7
103 silly currentTree ├── sntp@1.0.9
103 silly currentTree ├── source-map@0.4.4
103 silly currentTree ├── sprintf-js@1.0.3
103 silly currentTree ├─┬ sshpk@1.13.0
103 silly currentTree │ └── assert-plus@1.0.0
103 silly currentTree ├── statuses@1.3.1
103 silly currentTree ├── stealthy-require@1.1.0
103 silly currentTree ├─┬ string_decoder@1.0.3
103 silly currentTree │ └── safe-buffer@5.1.1
103 silly currentTree ├── stringstream@0.0.5
103 silly currentTree ├── tough-cookie@2.3.2
103 silly currentTree ├── tunnel-agent@0.6.0
103 silly currentTree ├── tweetnacl@0.14.5
103 silly currentTree ├─┬ uglify-js@2.8.22
103 silly currentTree │ └── source-map@0.5.6
103 silly currentTree ├── uglify-to-browserify@1.0.2
103 silly currentTree ├── underscore.string@3.3.4
103 silly currentTree ├── unpipe@1.0.0
103 silly currentTree ├── util-deprecate@1.0.2
103 silly currentTree ├── utils-merge@1.0.0
103 silly currentTree ├── uuid@3.0.1
103 silly currentTree ├── verror@1.3.6
103 silly currentTree ├── window-size@0.1.0
103 silly currentTree ├── wordwrap@0.0.3
103 silly currentTree ├── wrappy@1.0.2
103 silly currentTree ├── xml2js-es6-promise@1.1.1
103 silly currentTree ├── xml2js@0.4.17
103 silly currentTree ├── xmlbuilder@4.2.1
103 silly currentTree ├── ya-csv@0.10.1
103 silly currentTree └── yargs@3.10.0
104 silly idealTree rthaku
104 silly idealTree ├── @types/node@6.0.85
104 silly idealTree ├── ajv@4.11.8
104 silly idealTree ├── align-text@0.1.4
104 silly idealTree ├── amdefine@1.0.1
104 silly idealTree ├── asn1@0.2.3
104 silly idealTree ├── assert-plus@0.2.0
104 silly idealTree ├── async@1.5.2
104 silly idealTree ├── asynckit@0.4.0
104 silly idealTree ├── aws-sign2@0.6.0
104 silly idealTree ├── aws4@1.6.0
104 silly idealTree ├── balanced-match@0.4.2
104 silly idealTree ├── bcrypt-pbkdf@1.0.1
104 silly idealTree ├── bluebird@3.5.0
104 silly idealTree ├── boolbase@1.0.0
104 silly idealTree ├── boom@2.10.1
104 silly idealTree ├── brace-expansion@1.1.7
104 silly idealTree ├── broccoli-cli@1.0.0
104 silly idealTree ├── broccoli-kitchen-sink-helpers@0.2.9
104 silly idealTree ├── broccoli-slow-trees@1.1.0
104 silly idealTree ├── broccoli@0.16.9
104 silly idealTree ├── camelcase@1.2.1
104 silly idealTree ├── caseless@0.12.0
104 silly idealTree ├── center-align@0.1.3
104 silly idealTree ├── cheerio@1.0.0-rc.2
104 silly idealTree ├─┬ cliui@2.1.0
104 silly idealTree │ └── wordwrap@0.0.2
104 silly idealTree ├── co@4.6.0
104 silly idealTree ├── combined-stream@1.0.5
104 silly idealTree ├── commander@2.9.0
104 silly idealTree ├── concat-map@0.0.1
104 silly idealTree ├── connect@3.6.1
104 silly idealTree ├── copy-dereference@1.0.0
104 silly idealTree ├── core-util-is@1.0.2
104 silly idealTree ├── cryptiles@2.0.5
104 silly idealTree ├── css-select@1.2.0
104 silly idealTree ├── css-what@2.1.0
104 silly idealTree ├─┬ dashdash@1.14.1
104 silly idealTree │ └── assert-plus@1.0.0
104 silly idealTree ├── debug@2.6.3
104 silly idealTree ├── decamelize@1.2.0
104 silly idealTree ├── delayed-stream@1.0.0
104 silly idealTree ├─┬ dom-serializer@0.1.0
104 silly idealTree │ └── domelementtype@1.1.3
104 silly idealTree ├── domelementtype@1.3.0
104 silly idealTree ├── domhandler@2.4.1
104 silly idealTree ├── domutils@1.5.1
104 silly idealTree ├── ecc-jsbn@0.1.1
104 silly idealTree ├── ee-first@1.1.1
104 silly idealTree ├── encodeurl@1.0.1
104 silly idealTree ├── entities@1.1.1
104 silly idealTree ├── es6-promise@3.3.1
104 silly idealTree ├── escape-html@1.0.3
104 silly idealTree ├── extend@3.0.1
104 silly idealTree ├── extsprintf@1.0.2
104 silly idealTree ├── finalhandler@1.0.1
104 silly idealTree ├─┬ findup-sync@0.2.1
104 silly idealTree │ ├── glob@4.3.5
104 silly idealTree │ └── minimatch@2.0.10
104 silly idealTree ├── forever-agent@0.6.1
104 silly idealTree ├── form-data@2.1.4
104 silly idealTree ├── fs.realpath@1.0.0
104 silly idealTree ├── fs@0.0.1-security
104 silly idealTree ├─┬ getpass@0.1.7
104 silly idealTree │ └── assert-plus@1.0.0
104 silly idealTree ├── glob@5.0.15
104 silly idealTree ├── graceful-readlink@1.0.1
104 silly idealTree ├── handlebars@4.0.7
104 silly idealTree ├── har-schema@1.0.5
104 silly idealTree ├── har-validator@4.2.1
104 silly idealTree ├── hawk@3.1.3
104 silly idealTree ├── hoek@2.16.3
104 silly idealTree ├── htmlparser2@3.9.2
104 silly idealTree ├── http-signature@1.1.1
104 silly idealTree ├── inflight@1.0.6
104 silly idealTree ├── inherits@2.0.3
104 silly idealTree ├── is-buffer@1.1.5
104 silly idealTree ├── is-typedarray@1.0.0
104 silly idealTree ├── isarray@1.0.0
104 silly idealTree ├── isstream@0.1.2
104 silly idealTree ├── jodid25519@1.0.2
104 silly idealTree ├── jsbn@0.1.1
104 silly idealTree ├── json-schema@0.2.3
104 silly idealTree ├── json-stable-stringify@1.0.1
104 silly idealTree ├── json-stringify-safe@5.0.1
104 silly idealTree ├── jsonify@0.0.0
104 silly idealTree ├─┬ jsprim@1.4.0
104 silly idealTree │ └── assert-plus@1.0.0
104 silly idealTree ├── kind-of@3.2.0
104 silly idealTree ├── lazy-cache@1.0.4
104 silly idealTree ├── lodash@4.17.4
104 silly idealTree ├── longest@1.0.1
104 silly idealTree ├── mime-db@1.27.0
104 silly idealTree ├── mime-types@2.1.15
104 silly idealTree ├── mime@1.3.4
104 silly idealTree ├── minimatch@3.0.3
104 silly idealTree ├── minimist@0.0.8
104 silly idealTree ├── mkdirp@0.5.1
104 silly idealTree ├── mktemp@0.4.0
104 silly idealTree ├── ms@0.7.2
104 silly idealTree ├── nan@2.6.2
104 silly idealTree ├── nth-check@1.0.1
104 silly idealTree ├── oauth-sign@0.8.2
104 silly idealTree ├── on-finished@2.3.0
104 silly idealTree ├── once@1.4.0
104 silly idealTree ├── optimist@0.6.1
104 silly idealTree ├── parse5@3.0.2
104 silly idealTree ├── parseurl@1.3.1
104 silly idealTree ├── path-is-absolute@1.0.1
104 silly idealTree ├── performance-now@0.2.0
104 silly idealTree ├── process-nextick-args@1.0.7
104 silly idealTree ├── promise-map-series@0.2.3
104 silly idealTree ├── punycode@1.4.1
104 silly idealTree ├── qs@6.4.0
104 silly idealTree ├── quick-temp@0.1.8
104 silly idealTree ├─┬ readable-stream@2.3.3
104 silly idealTree │ └── safe-buffer@5.1.1
104 silly idealTree ├── repeat-string@1.6.1
104 silly idealTree ├── request-promise-core@1.1.1
104 silly idealTree ├── request-promise@4.2.0
104 silly idealTree ├── request@2.81.0
104 silly idealTree ├── resolve@0.6.3
104 silly idealTree ├── right-align@0.1.3
104 silly idealTree ├─┬ rimraf@2.6.1
104 silly idealTree │ └── glob@7.1.1
104 silly idealTree ├── rsvp@3.5.0
104 silly idealTree ├── safe-buffer@5.0.1
104 silly idealTree ├── sax@1.2.2
104 silly idealTree ├── sitemapper@2.1.7
104 silly idealTree ├── sleep@5.1.1
104 silly idealTree ├── sntp@1.0.9
104 silly idealTree ├── source-map@0.4.4
104 silly idealTree ├── sprintf-js@1.0.3
104 silly idealTree ├─┬ sshpk@1.13.0
104 silly idealTree │ └── assert-plus@1.0.0
104 silly idealTree ├── statuses@1.3.1
104 silly idealTree ├── stealthy-require@1.1.0
104 silly idealTree ├─┬ string_decoder@1.0.3
104 silly idealTree │ └── safe-buffer@5.1.1
104 silly idealTree ├── stringstream@0.0.5
104 silly idealTree ├── tough-cookie@2.3.2
104 silly idealTree ├── tunnel-agent@0.6.0
104 silly idealTree ├── tweetnacl@0.14.5
104 silly idealTree ├─┬ uglify-js@2.8.22
104 silly idealTree │ └── source-map@0.5.6
104 silly idealTree ├── uglify-to-browserify@1.0.2
104 silly idealTree ├── underscore.string@3.3.4
104 silly idealTree ├── unpipe@1.0.0
104 silly idealTree ├── util-deprecate@1.0.2
104 silly idealTree ├── utils-merge@1.0.0
104 silly idealTree ├── uuid@3.0.1
104 silly idealTree ├── verror@1.3.6
104 silly idealTree ├── window-size@0.1.0
104 silly idealTree ├── wordwrap@0.0.3
104 silly idealTree ├── wrappy@1.0.2
104 silly idealTree ├── xml2js-es6-promise@1.1.1
104 silly idealTree ├── xml2js@0.4.17
104 silly idealTree ├── xmlbuilder@4.2.1
104 silly idealTree ├── ya-csv@0.10.1
104 silly idealTree └── yargs@3.10.0
105 silly generateActionsToTake Starting
106 silly install generateActionsToTake
107 silly generateActionsToTake Finishing
108 silly diffTrees action count 2
109 silly diffTrees add nan@2.6.2
110 silly diffTrees add sleep@5.1.1
111 silly decomposeActions action count 16
112 silly decomposeActions fetch nan@2.6.2
113 silly decomposeActions extract nan@2.6.2
114 silly decomposeActions test nan@2.6.2
115 silly decomposeActions preinstall nan@2.6.2
116 silly decomposeActions build nan@2.6.2
117 silly decomposeActions install nan@2.6.2
118 silly decomposeActions postinstall nan@2.6.2
119 silly decomposeActions finalize nan@2.6.2
120 silly decomposeActions fetch sleep@5.1.1
121 silly decomposeActions extract sleep@5.1.1
122 silly decomposeActions test sleep@5.1.1
123 silly decomposeActions preinstall sleep@5.1.1
124 silly decomposeActions build sleep@5.1.1
125 silly decomposeActions install sleep@5.1.1
126 silly decomposeActions postinstall sleep@5.1.1
127 silly decomposeActions finalize sleep@5.1.1
128 silly runTopLevelLifecycles Starting
129 silly executeActions Starting
130 silly install executeActions
131 silly doSerial global-install 0
132 silly doParallel fetch 2
133 verbose correctMkdir /Users/rthaku/.npm/_locks correctMkdir not in flight; initializing
134 verbose lock using /Users/rthaku/.npm/_locks/staging-5027c215f9da661c.lock for /Users/rthaku/node_modules/.staging
135 silly doParallel extract 2
136 silly extract nan@2.6.2
137 silly extract sleep@5.1.1
138 verbose unbuild node_modules/.staging/sleep-d7f1b31a
139 verbose unbuild node_modules/.staging/nan-beaf4f57
140 silly gentlyRm /Users/rthaku/node_modules/.staging/sleep-d7f1b31a is being purged from base /Users/rthaku
141 verbose gentlyRm don't care about contents; nuking /Users/rthaku/node_modules/.staging/sleep-d7f1b31a
142 silly gentlyRm /Users/rthaku/node_modules/.staging/nan-beaf4f57 is being purged from base /Users/rthaku
143 verbose gentlyRm don't care about contents; nuking /Users/rthaku/node_modules/.staging/nan-beaf4f57
144 verbose tar unpack /Users/rthaku/.npm/sleep/5.1.1/package.tgz
145 verbose tar unpacking to /Users/rthaku/node_modules/.staging/sleep-d7f1b31a
146 silly gentlyRm /Users/rthaku/node_modules/.staging/sleep-d7f1b31a is being purged
147 verbose gentlyRm don't care about contents; nuking /Users/rthaku/node_modules/.staging/sleep-d7f1b31a
148 verbose tar unpack /Users/rthaku/.npm/nan/2.6.2/package.tgz
149 verbose tar unpacking to /Users/rthaku/node_modules/.staging/nan-beaf4f57
150 silly gentlyRm /Users/rthaku/node_modules/.staging/nan-beaf4f57 is being purged
151 verbose gentlyRm don't care about contents; nuking /Users/rthaku/node_modules/.staging/nan-beaf4f57
152 silly gunzTarPerm modes [ '755', '644' ]
153 silly gunzTarPerm modes [ '755', '644' ]
154 silly gunzTarPerm extractEntry package.json
155 silly gunzTarPerm modified mode [ 'package.json', 436, 420 ]
156 silly gunzTarPerm extractEntry package.json
157 silly gunzTarPerm modified mode [ 'package.json', 436, 420 ]
158 silly gunzTarPerm extractEntry .npmignore
159 silly gunzTarPerm modified mode [ '.npmignore', 436, 420 ]
160 silly gunzTarPerm extractEntry README.md
161 silly gunzTarPerm modified mode [ 'README.md', 436, 420 ]
162 silly gunzTarPerm extractEntry README.md
163 silly gunzTarPerm modified mode [ 'README.md', 436, 420 ]
164 silly gunzTarPerm extractEntry include_dirs.js
165 silly gunzTarPerm modified mode [ 'include_dirs.js', 436, 420 ]
166 silly gunzTarPerm extractEntry test.js
167 silly gunzTarPerm modified mode [ 'test.js', 436, 420 ]
168 silly gunzTarPerm extractEntry index.js
169 silly gunzTarPerm modified mode [ 'index.js', 436, 420 ]
170 silly gunzTarPerm extractEntry nan_converters_43_inl.h
171 silly gunzTarPerm modified mode [ 'nan_converters_43_inl.h', 436, 420 ]
172 silly gunzTarPerm extractEntry LICENSE.md
173 silly gunzTarPerm modified mode [ 'LICENSE.md', 436, 420 ]
174 silly gunzTarPerm extractEntry doc/new.md
175 silly gunzTarPerm modified mode [ 'doc/new.md', 436, 420 ]
176 silly gunzTarPerm extractEntry doc/asyncworker.md
177 silly gunzTarPerm modified mode [ 'doc/asyncworker.md', 436, 420 ]
178 silly gunzTarPerm extractEntry LICENSE.txt
179 silly gunzTarPerm modified mode [ 'LICENSE.txt', 436, 420 ]
180 silly gunzTarPerm extractEntry sleep.cc
181 silly gunzTarPerm modified mode [ 'sleep.cc', 436, 420 ]
182 silly gunzTarPerm extractEntry doc/callback.md
183 silly gunzTarPerm modified mode [ 'doc/callback.md', 436, 420 ]
184 silly gunzTarPerm extractEntry doc/converters.md
185 silly gunzTarPerm modified mode [ 'doc/converters.md', 436, 420 ]
186 silly gunzTarPerm extractEntry binding.gyp
187 silly gunzTarPerm modified mode [ 'binding.gyp', 436, 420 ]
188 silly gunzTarPerm extractEntry doc/errors.md
189 silly gunzTarPerm modified mode [ 'doc/errors.md', 436, 420 ]
190 silly gunzTarPerm extractEntry doc/json.md
191 silly gunzTarPerm modified mode [ 'doc/json.md', 436, 420 ]
192 silly gunzTarPerm extractEntry doc/maybe_types.md
193 silly gunzTarPerm modified mode [ 'doc/maybe_types.md', 436, 420 ]
194 silly gunzTarPerm extractEntry doc/methods.md
195 silly gunzTarPerm modified mode [ 'doc/methods.md', 436, 420 ]
196 silly gunzTarPerm extractEntry doc/buffers.md
197 silly gunzTarPerm modified mode [ 'doc/buffers.md', 436, 420 ]
198 silly gunzTarPerm extractEntry doc/node_misc.md
199 silly gunzTarPerm modified mode [ 'doc/node_misc.md', 436, 420 ]
200 silly gunzTarPerm extractEntry doc/object_wrappers.md
201 silly gunzTarPerm modified mode [ 'doc/object_wrappers.md', 436, 420 ]
202 silly gunzTarPerm extractEntry doc/persistent.md
203 silly gunzTarPerm modified mode [ 'doc/persistent.md', 436, 420 ]
204 silly gunzTarPerm extractEntry doc/scopes.md
205 silly gunzTarPerm modified mode [ 'doc/scopes.md', 436, 420 ]
206 silly gunzTarPerm extractEntry doc/script.md
207 silly gunzTarPerm modified mode [ 'doc/script.md', 436, 420 ]
208 silly gunzTarPerm extractEntry doc/string_bytes.md
209 silly gunzTarPerm modified mode [ 'doc/string_bytes.md', 436, 420 ]
210 silly gunzTarPerm extractEntry doc/v8_internals.md
211 silly gunzTarPerm modified mode [ 'doc/v8_internals.md', 436, 420 ]
212 silly gunzTarPerm extractEntry doc/v8_misc.md
213 silly gunzTarPerm modified mode [ 'doc/v8_misc.md', 436, 420 ]
214 silly gentlyRm /Users/rthaku/node_modules/.staging/sleep-d7f1b31a/node_modules is being purged
215 verbose gentlyRm don't care about contents; nuking /Users/rthaku/node_modules/.staging/sleep-d7f1b31a/node_modules
216 silly gunzTarPerm extractEntry nan.h
217 silly gunzTarPerm modified mode [ 'nan.h', 436, 420 ]
218 silly gunzTarPerm extractEntry nan_callbacks.h
219 silly gunzTarPerm modified mode [ 'nan_callbacks.h', 436, 420 ]
220 silly gunzTarPerm extractEntry nan_callbacks_12_inl.h
221 silly gunzTarPerm modified mode [ 'nan_callbacks_12_inl.h', 436, 420 ]
222 silly gunzTarPerm extractEntry nan_callbacks_pre_12_inl.h
223 silly gunzTarPerm modified mode [ 'nan_callbacks_pre_12_inl.h', 436, 420 ]
224 silly gunzTarPerm extractEntry nan_converters.h
225 silly gunzTarPerm modified mode [ 'nan_converters.h', 436, 420 ]
226 silly gunzTarPerm extractEntry nan_converters_pre_43_inl.h
227 silly gunzTarPerm modified mode [ 'nan_converters_pre_43_inl.h', 436, 420 ]
228 silly gunzTarPerm extractEntry nan_implementation_12_inl.h
229 silly gunzTarPerm modified mode [ 'nan_implementation_12_inl.h', 436, 420 ]
230 silly gunzTarPerm extractEntry nan_implementation_pre_12_inl.h
231 silly gunzTarPerm modified mode [ 'nan_implementation_pre_12_inl.h', 436, 420 ]
232 silly gunzTarPerm extractEntry nan_json.h
233 silly gunzTarPerm modified mode [ 'nan_json.h', 436, 420 ]
234 silly gunzTarPerm extractEntry nan_maybe_43_inl.h
235 silly gunzTarPerm modified mode [ 'nan_maybe_43_inl.h', 436, 420 ]
236 silly gunzTarPerm extractEntry nan_maybe_pre_43_inl.h
237 silly gunzTarPerm modified mode [ 'nan_maybe_pre_43_inl.h', 436, 420 ]
238 silly gunzTarPerm extractEntry nan_new.h
239 silly gunzTarPerm modified mode [ 'nan_new.h', 436, 420 ]
240 silly gunzTarPerm extractEntry nan_object_wrap.h
241 silly gunzTarPerm modified mode [ 'nan_object_wrap.h', 436, 420 ]
242 silly gunzTarPerm extractEntry nan_persistent_12_inl.h
243 silly gunzTarPerm modified mode [ 'nan_persistent_12_inl.h', 436, 420 ]
244 silly gunzTarPerm extractEntry nan_persistent_pre_12_inl.h
245 silly gunzTarPerm modified mode [ 'nan_persistent_pre_12_inl.h', 436, 420 ]
246 silly gunzTarPerm extractEntry nan_private.h
247 silly gunzTarPerm modified mode [ 'nan_private.h', 436, 420 ]
248 silly gunzTarPerm extractEntry nan_string_bytes.h
249 silly gunzTarPerm modified mode [ 'nan_string_bytes.h', 436, 420 ]
250 silly gunzTarPerm extractEntry nan_typedarray_contents.h
251 silly gunzTarPerm modified mode [ 'nan_typedarray_contents.h', 436, 420 ]
252 silly gunzTarPerm extractEntry nan_weak.h
253 silly gunzTarPerm modified mode [ 'nan_weak.h', 436, 420 ]
254 silly gunzTarPerm extractEntry CHANGELOG.md
255 silly gunzTarPerm modified mode [ 'CHANGELOG.md', 436, 420 ]
256 silly gunzTarPerm extractEntry tools/package.json
257 silly gunzTarPerm modified mode [ 'tools/package.json', 436, 420 ]
258 silly gunzTarPerm extractEntry tools/README.md
259 silly gunzTarPerm modified mode [ 'tools/README.md', 436, 420 ]
260 silly gunzTarPerm extractEntry tools/1to2.js
261 silly gunzTarPerm modified mode [ 'tools/1to2.js', 509, 493 ]
262 silly gentlyRm /Users/rthaku/node_modules/.staging/nan-beaf4f57/node_modules is being purged
263 verbose gentlyRm don't care about contents; nuking /Users/rthaku/node_modules/.staging/nan-beaf4f57/node_modules
264 silly doParallel preinstall 2
265 silly preinstall nan@2.6.2 /Users/rthaku/node_modules/.staging/nan-beaf4f57
266 info lifecycle nan@2.6.2~preinstall: nan@2.6.2
267 silly preinstall sleep@5.1.1 /Users/rthaku/node_modules/.staging/sleep-d7f1b31a
268 info lifecycle sleep@5.1.1~preinstall: sleep@5.1.1
269 silly lifecycle nan@2.6.2~preinstall: no script for preinstall, continuing
270 silly lifecycle sleep@5.1.1~preinstall: no script for preinstall, continuing
271 silly doReverseSerial remove 0
272 silly doSerial move 0
273 silly doSerial finalize 2
274 silly finalize /Users/rthaku/node_modules/nan
275 silly finalize /Users/rthaku/node_modules/sleep
276 silly doSerial build 2
277 silly build nan@2.6.2
278 info linkStuff nan@2.6.2
279 silly linkStuff nan@2.6.2 has /Users/rthaku/node_modules as its parent node_modules
280 verbose linkBins nan@2.6.2
281 verbose linkMans nan@2.6.2
282 silly build sleep@5.1.1
283 info linkStuff sleep@5.1.1
284 silly linkStuff sleep@5.1.1 has /Users/rthaku/node_modules as its parent node_modules
285 verbose linkBins sleep@5.1.1
286 verbose linkMans sleep@5.1.1
287 silly doSerial global-link 0
288 silly doParallel update-linked 0
289 silly doSerial install 2
290 silly install nan@2.6.2 /Users/rthaku/node_modules/.staging/nan-beaf4f57
291 info lifecycle nan@2.6.2~install: nan@2.6.2
292 silly lifecycle nan@2.6.2~install: no script for install, continuing
293 silly install sleep@5.1.1 /Users/rthaku/node_modules/.staging/sleep-d7f1b31a
294 info lifecycle sleep@5.1.1~install: sleep@5.1.1
295 verbose lifecycle sleep@5.1.1~install: unsafe-perm in lifecycle false
296 verbose lifecycle sleep@5.1.1~install: PATH: /usr/local/lib/node_modules/npm/bin/node-gyp-bin:/Users/rthaku/node_modules/sleep/node_modules/.bin:/Users/rthaku/node_modules/.bin:/Users/rthaku/tools/maven-3.5.0/bin:/Users/rthaku/anaconda/bin:/Library/Frameworks/Python.framework/Versions/3.5/bin:/Users/rthaku/Work/mongodb-osx-x86_64-3.2.0/bin/:/Users/rthaku/Work/anaconda/bin:/usr/local/bin:/usr/bin:/bin:/usr/sbin:/sbin
297 verbose lifecycle sleep@5.1.1~install: CWD: /Users/rthaku/node_modules/sleep
298 silly lifecycle sleep@5.1.1~install: Args: [ '-c', 'node-gyp rebuild' ]
299 silly lifecycle sleep@5.1.1~install: Returned: code: 1  signal: null
300 info lifecycle sleep@5.1.1~install: Failed to exec install script
301 verbose unlock done using /Users/rthaku/.npm/_locks/staging-5027c215f9da661c.lock for /Users/rthaku/node_modules/.staging
302 silly rollbackFailedOptional Starting
303 silly rollbackFailedOptional Finishing
304 silly runTopLevelLifecycles Finishing
305 silly install printInstalled
306 warn enoent ENOENT: no such file or directory, open '/Users/rthaku/package.json'
307 verbose enoent ENOENT: no such file or directory, open '/Users/rthaku/package.json'
307 verbose enoent This is most likely not a problem with npm itself
307 verbose enoent and is related to npm not being able to find a file.
308 warn rthaku No description
309 verbose If you need help, you may report this error at:
309 verbose     <https://github.com/npm/npm/issues>
310 warn rthaku No repository field.
311 verbose If you need help, you may report this error at:
311 verbose     <https://github.com/npm/npm/issues>
312 warn rthaku No README data
313 verbose If you need help, you may report this error at:
313 verbose     <https://github.com/npm/npm/issues>
314 warn rthaku No license field.
315 verbose If you need help, you may report this error at:
315 verbose     <https://github.com/npm/npm/issues>
316 verbose stack Error: sleep@5.1.1 install: `node-gyp rebuild`
316 verbose stack Exit status 1
316 verbose stack     at EventEmitter.<anonymous> (/usr/local/lib/node_modules/npm/lib/utils/lifecycle.js:255:16)
316 verbose stack     at emitTwo (events.js:106:13)
316 verbose stack     at EventEmitter.emit (events.js:191:7)
316 verbose stack     at ChildProcess.<anonymous> (/usr/local/lib/node_modules/npm/lib/utils/spawn.js:40:14)
316 verbose stack     at emitTwo (events.js:106:13)
316 verbose stack     at ChildProcess.emit (events.js:191:7)
316 verbose stack     at maybeClose (internal/child_process.js:877:16)
316 verbose stack     at Process.ChildProcess._handle.onexit (internal/child_process.js:226:5)
317 verbose pkgid sleep@5.1.1
318 verbose cwd /Users/rthaku/tools/websiteparsers/hindunet.org
319 error Darwin 14.5.0
320 error argv "/usr/local/bin/node" "/usr/local/bin/npm" "install" "sleep"
321 error node v6.10.0
322 error npm  v3.10.10
323 error code ELIFECYCLE
324 error sleep@5.1.1 install: `node-gyp rebuild`
324 error Exit status 1
325 error Failed at the sleep@5.1.1 install script 'node-gyp rebuild'.
325 error Make sure you have the latest version of node.js and npm installed.
325 error If you do, this is most likely a problem with the sleep package,
325 error not with npm itself.
325 error Tell the author that this fails on your system:
325 error     node-gyp rebuild
325 error You can get information on how to open an issue for this project with:
325 error     npm bugs sleep
325 error Or if that isn't available, you can get their info via:
325 error     npm owner ls sleep
325 error There is likely additional logging output above.
326 verbose exit [ 1, true ]
